2017-06-07 17:56:15,696 spiders.py[line:68] INFO Reading start URLs from redis key 'huarun:start_urls' (batch size: 16, encoding: utf-8
2017-06-07 17:56:34,371 spiders.py[line:68] INFO Reading start URLs from redis key 'huarun:start_urls' (batch size: 16, encoding: utf-8
2017-06-07 17:56:38,193 spiders.py[line:95] DEBUG Read 1 requests from 'huarun:start_urls'
2017-06-07 17:56:41,517 spider_huarun.py[line:74] INFO url is: http://www.huarun.com/product/productWall/?t=26.
2017-06-07 17:56:44,250 spider_huarun.py[line:151] ERROR failed, url is:(http://www.huarun.com/index.php/Huarun/ProductsDescription), error info is:(Traceback (most recent call last):
  File "C:\Users\timothy\Desktop\myproduct\product\spiders\spider_huarun.py", line 131, in parse2
    tmp = re.sub("\\\\\\", "\\\\", tmp)
  File "E:\python27\lib\re.py", line 155, in sub
    return _compile(pattern, flags).sub(repl, string, count)
  File "E:\python27\lib\re.py", line 251, in _compile
    raise error, v # invalid expression
error: bogus escape (end of line)
)
2017-06-07 17:56:51,325 spider_huarun.py[line:151] ERROR failed, url is:(http://www.huarun.com/index.php/Huarun/ProductsDescription), error info is:(Traceback (most recent call last):
  File "C:\Users\timothy\Desktop\myproduct\product\spiders\spider_huarun.py", line 131, in parse2
    tmp = re.sub("\\\\\\", "\\\\", tmp)
  File "E:\python27\lib\re.py", line 155, in sub
    return _compile(pattern, flags).sub(repl, string, count)
  File "E:\python27\lib\re.py", line 251, in _compile
    raise error, v # invalid expression
error: bogus escape (end of line)
)
2017-06-07 17:56:55,832 spider_huarun.py[line:151] ERROR failed, url is:(http://www.huarun.com/index.php/Huarun/ProductsDescription), error info is:(Traceback (most recent call last):
  File "C:\Users\timothy\Desktop\myproduct\product\spiders\spider_huarun.py", line 131, in parse2
    tmp = re.sub("\\\\\\", "\\\\", tmp)
  File "E:\python27\lib\re.py", line 155, in sub
    return _compile(pattern, flags).sub(repl, string, count)
  File "E:\python27\lib\re.py", line 251, in _compile
    raise error, v # invalid expression
error: bogus escape (end of line)
)
2017-06-07 17:56:58,433 spider_huarun.py[line:151] ERROR failed, url is:(http://www.huarun.com/index.php/Huarun/ProductsDescription), error info is:(Traceback (most recent call last):
  File "C:\Users\timothy\Desktop\myproduct\product\spiders\spider_huarun.py", line 131, in parse2
    tmp = re.sub("\\\\\\", "\\\\", tmp)
  File "E:\python27\lib\re.py", line 155, in sub
    return _compile(pattern, flags).sub(repl, string, count)
  File "E:\python27\lib\re.py", line 251, in _compile
    raise error, v # invalid expression
error: bogus escape (end of line)
)
2017-06-07 17:57:03,762 spider_huarun.py[line:151] ERROR failed, url is:(http://www.huarun.com/index.php/Huarun/ProductsDescription), error info is:(Traceback (most recent call last):
  File "C:\Users\timothy\Desktop\myproduct\product\spiders\spider_huarun.py", line 131, in parse2
    tmp = re.sub("\\\\\\", "\\\\", tmp)
  File "E:\python27\lib\re.py", line 155, in sub
    return _compile(pattern, flags).sub(repl, string, count)
  File "E:\python27\lib\re.py", line 251, in _compile
    raise error, v # invalid expression
error: bogus escape (end of line)
)
